{"/Users/m.li/Desktop/Hack/FEC/mochData.js": {"path":"/Users/m.li/Desktop/Hack/FEC/mochData.js","statementMap":{"0":{"start":{"line":1,"column":0},"end":{"line":497,"column":1}}},"fnMap":{},"branchMap":{},"s":{"0":1},"f":{},"b":{},"_coverageSchema":"1a1c01bbd47fc00a2c39e90264f33305004495a9","hash":"578ae8b03cfc8ac9b8f9158fc146a6c1354eb0c8"}
,"/Users/m.li/Desktop/Hack/FEC/client/src/starRatings.jsx": {"path":"/Users/m.li/Desktop/Hack/FEC/client/src/starRatings.jsx","statementMap":{"0":{"start":{"line":10,"column":26},"end":{"line":66,"column":1}},"1":{"start":{"line":11,"column":21},"end":{"line":11,"column":39}},"2":{"start":{"line":12,"column":22},"end":{"line":12,"column":57}},"3":{"start":{"line":13,"column":22},"end":{"line":13,"column":23}},"4":{"start":{"line":14,"column":16},"end":{"line":14,"column":18}},"5":{"start":{"line":16,"column":2},"end":{"line":26,"column":3}},"6":{"start":{"line":17,"column":4},"end":{"line":17,"column":21}},"7":{"start":{"line":18,"column":9},"end":{"line":26,"column":3}},"8":{"start":{"line":19,"column":4},"end":{"line":19,"column":22}},"9":{"start":{"line":20,"column":9},"end":{"line":26,"column":3}},"10":{"start":{"line":21,"column":4},"end":{"line":21,"column":22}},"11":{"start":{"line":22,"column":9},"end":{"line":26,"column":3}},"12":{"start":{"line":23,"column":4},"end":{"line":23,"column":22}},"13":{"start":{"line":25,"column":4},"end":{"line":25,"column":23}},"14":{"start":{"line":28,"column":2},"end":{"line":30,"column":3}},"15":{"start":{"line":28,"column":15},"end":{"line":28,"column":16}},"16":{"start":{"line":29,"column":4},"end":{"line":29,"column":136}},"17":{"start":{"line":32,"column":2},"end":{"line":59,"column":3}},"18":{"start":{"line":32,"column":15},"end":{"line":32,"column":25}},"19":{"start":{"line":33,"column":4},"end":{"line":45,"column":6}},"20":{"start":{"line":46,"column":4},"end":{"line":57,"column":6}},"21":{"start":{"line":61,"column":2},"end":{"line":65,"column":4}}},"fnMap":{"0":{"name":"(anonymous_0)","decl":{"start":{"line":10,"column":26},"end":{"line":10,"column":27}},"loc":{"start":{"line":10,"column":50},"end":{"line":66,"column":1}},"line":10}},"branchMap":{"0":{"loc":{"start":{"line":16,"column":2},"end":{"line":26,"column":3}},"type":"if","locations":[{"start":{"line":16,"column":2},"end":{"line":26,"column":3}},{"start":{"line":18,"column":9},"end":{"line":26,"column":3}}],"line":16},"1":{"loc":{"start":{"line":18,"column":9},"end":{"line":26,"column":3}},"type":"if","locations":[{"start":{"line":18,"column":9},"end":{"line":26,"column":3}},{"start":{"line":20,"column":9},"end":{"line":26,"column":3}}],"line":18},"2":{"loc":{"start":{"line":18,"column":13},"end":{"line":18,"column":50}},"type":"binary-expr","locations":[{"start":{"line":18,"column":13},"end":{"line":18,"column":30}},{"start":{"line":18,"column":34},"end":{"line":18,"column":50}}],"line":18},"3":{"loc":{"start":{"line":20,"column":9},"end":{"line":26,"column":3}},"type":"if","locations":[{"start":{"line":20,"column":9},"end":{"line":26,"column":3}},{"start":{"line":22,"column":9},"end":{"line":26,"column":3}}],"line":20},"4":{"loc":{"start":{"line":20,"column":13},"end":{"line":20,"column":50}},"type":"binary-expr","locations":[{"start":{"line":20,"column":13},"end":{"line":20,"column":30}},{"start":{"line":20,"column":34},"end":{"line":20,"column":50}}],"line":20},"5":{"loc":{"start":{"line":22,"column":9},"end":{"line":26,"column":3}},"type":"if","locations":[{"start":{"line":22,"column":9},"end":{"line":26,"column":3}},{"start":{"line":24,"column":9},"end":{"line":26,"column":3}}],"line":22},"6":{"loc":{"start":{"line":22,"column":13},"end":{"line":22,"column":50}},"type":"binary-expr","locations":[{"start":{"line":22,"column":13},"end":{"line":22,"column":30}},{"start":{"line":22,"column":34},"end":{"line":22,"column":50}}],"line":22},"7":{"loc":{"start":{"line":36,"column":14},"end":{"line":36,"column":50}},"type":"cond-expr","locations":[{"start":{"line":36,"column":27},"end":{"line":36,"column":36}},{"start":{"line":36,"column":39},"end":{"line":36,"column":50}}],"line":36},"8":{"loc":{"start":{"line":41,"column":31},"end":{"line":41,"column":61}},"type":"cond-expr","locations":[{"start":{"line":41,"column":44},"end":{"line":41,"column":57}},{"start":{"line":41,"column":60},"end":{"line":41,"column":61}}],"line":41}},"s":{"0":2,"1":1,"2":1,"3":1,"4":1,"5":1,"6":0,"7":1,"8":1,"9":0,"10":0,"11":0,"12":0,"13":0,"14":1,"15":1,"16":3,"17":1,"18":1,"19":2,"20":2,"21":1},"f":{"0":1},"b":{"0":[0,1],"1":[1,0],"2":[1,1],"3":[0,0],"4":[0,0],"5":[0,0],"6":[0,0],"7":[1,1],"8":[1,1]},"_coverageSchema":"1a1c01bbd47fc00a2c39e90264f33305004495a9","hash":"4ac403716d6e4708db7e0d50b0ef7e97679306b7"}
,"/Users/m.li/Desktop/Hack/FEC/client/src/product/Image.jsx": {"path":"/Users/m.li/Desktop/Hack/FEC/client/src/product/Image.jsx","statementMap":{"0":{"start":{"line":7,"column":14},"end":{"line":129,"column":1}},"1":{"start":{"line":10,"column":44},"end":{"line":10,"column":58}},"2":{"start":{"line":11,"column":46},"end":{"line":11,"column":60}},"3":{"start":{"line":16,"column":21},"end":{"line":51,"column":3}},"4":{"start":{"line":17,"column":25},"end":{"line":17,"column":79}},"5":{"start":{"line":19,"column":4},"end":{"line":50,"column":5}},"6":{"start":{"line":20,"column":6},"end":{"line":34,"column":7}},"7":{"start":{"line":21,"column":8},"end":{"line":23,"column":9}},"8":{"start":{"line":22,"column":10},"end":{"line":22,"column":32}},"9":{"start":{"line":24,"column":8},"end":{"line":33,"column":10}},"10":{"start":{"line":25,"column":10},"end":{"line":32,"column":11}},"11":{"start":{"line":26,"column":12},"end":{"line":28,"column":13}},"12":{"start":{"line":27,"column":14},"end":{"line":27,"column":48}},"13":{"start":{"line":29,"column":12},"end":{"line":29,"column":34}},"14":{"start":{"line":30,"column":12},"end":{"line":30,"column":56}},"15":{"start":{"line":31,"column":12},"end":{"line":31,"column":58}},"16":{"start":{"line":35,"column":11},"end":{"line":50,"column":5}},"17":{"start":{"line":36,"column":6},"end":{"line":38,"column":7}},"18":{"start":{"line":37,"column":8},"end":{"line":37,"column":30}},"19":{"start":{"line":39,"column":6},"end":{"line":49,"column":8}},"20":{"start":{"line":40,"column":8},"end":{"line":48,"column":9}},"21":{"start":{"line":41,"column":10},"end":{"line":43,"column":11}},"22":{"start":{"line":42,"column":12},"end":{"line":42,"column":46}},"23":{"start":{"line":45,"column":10},"end":{"line":45,"column":32}},"24":{"start":{"line":46,"column":10},"end":{"line":46,"column":45}},"25":{"start":{"line":47,"column":10},"end":{"line":47,"column":47}},"26":{"start":{"line":53,"column":20},"end":{"line":88,"column":3}},"27":{"start":{"line":54,"column":25},"end":{"line":54,"column":79}},"28":{"start":{"line":55,"column":4},"end":{"line":85,"column":5}},"29":{"start":{"line":56,"column":6},"end":{"line":70,"column":7}},"30":{"start":{"line":57,"column":8},"end":{"line":59,"column":9}},"31":{"start":{"line":58,"column":10},"end":{"line":58,"column":33}},"32":{"start":{"line":60,"column":8},"end":{"line":69,"column":10}},"33":{"start":{"line":61,"column":10},"end":{"line":68,"column":11}},"34":{"start":{"line":62,"column":12},"end":{"line":64,"column":13}},"35":{"start":{"line":63,"column":14},"end":{"line":63,"column":46}},"36":{"start":{"line":65,"column":12},"end":{"line":65,"column":34}},"37":{"start":{"line":66,"column":12},"end":{"line":66,"column":56}},"38":{"start":{"line":67,"column":12},"end":{"line":67,"column":58}},"39":{"start":{"line":71,"column":11},"end":{"line":85,"column":5}},"40":{"start":{"line":72,"column":6},"end":{"line":74,"column":7}},"41":{"start":{"line":73,"column":8},"end":{"line":73,"column":31}},"42":{"start":{"line":75,"column":6},"end":{"line":84,"column":8}},"43":{"start":{"line":76,"column":8},"end":{"line":83,"column":9}},"44":{"start":{"line":77,"column":10},"end":{"line":79,"column":11}},"45":{"start":{"line":78,"column":12},"end":{"line":78,"column":44}},"46":{"start":{"line":80,"column":10},"end":{"line":80,"column":32}},"47":{"start":{"line":81,"column":10},"end":{"line":81,"column":45}},"48":{"start":{"line":82,"column":10},"end":{"line":82,"column":47}},"49":{"start":{"line":86,"column":4},"end":{"line":86,"column":35}},"50":{"start":{"line":90,"column":2},"end":{"line":127,"column":3}},"51":{"start":{"line":91,"column":4},"end":{"line":104,"column":5}},"52":{"start":{"line":93,"column":115},"end":{"line":93,"column":127}},"53":{"start":{"line":93,"column":215},"end":{"line":93,"column":228}},"54":{"start":{"line":97,"column":12},"end":{"line":99,"column":13}},"55":{"start":{"line":98,"column":94},"end":{"line":98,"column":113}},"56":{"start":{"line":98,"column":114},"end":{"line":98,"column":148}},"57":{"start":{"line":106,"column":4},"end":{"line":125,"column":5}},"58":{"start":{"line":108,"column":115},"end":{"line":108,"column":127}},"59":{"start":{"line":109,"column":82},"end":{"line":109,"column":95}},"60":{"start":{"line":116,"column":12},"end":{"line":118,"column":13}},"61":{"start":{"line":117,"column":94},"end":{"line":117,"column":113}},"62":{"start":{"line":117,"column":114},"end":{"line":117,"column":148}}},"fnMap":{"0":{"name":"(anonymous_0)","decl":{"start":{"line":7,"column":14},"end":{"line":7,"column":15}},"loc":{"start":{"line":7,"column":66},"end":{"line":129,"column":1}},"line":7},"1":{"name":"(anonymous_1)","decl":{"start":{"line":16,"column":21},"end":{"line":16,"column":22}},"loc":{"start":{"line":16,"column":27},"end":{"line":51,"column":3}},"line":16},"2":{"name":"(anonymous_2)","decl":{"start":{"line":24,"column":33},"end":{"line":24,"column":34}},"loc":{"start":{"line":24,"column":51},"end":{"line":33,"column":9}},"line":24},"3":{"name":"(anonymous_3)","decl":{"start":{"line":39,"column":22},"end":{"line":39,"column":23}},"loc":{"start":{"line":39,"column":40},"end":{"line":49,"column":7}},"line":39},"4":{"name":"(anonymous_4)","decl":{"start":{"line":53,"column":20},"end":{"line":53,"column":21}},"loc":{"start":{"line":53,"column":26},"end":{"line":88,"column":3}},"line":53},"5":{"name":"(anonymous_5)","decl":{"start":{"line":60,"column":33},"end":{"line":60,"column":34}},"loc":{"start":{"line":60,"column":51},"end":{"line":69,"column":9}},"line":60},"6":{"name":"(anonymous_6)","decl":{"start":{"line":75,"column":22},"end":{"line":75,"column":23}},"loc":{"start":{"line":75,"column":40},"end":{"line":84,"column":7}},"line":75},"7":{"name":"(anonymous_7)","decl":{"start":{"line":93,"column":107},"end":{"line":93,"column":108}},"loc":{"start":{"line":93,"column":113},"end":{"line":93,"column":129}},"line":93},"8":{"name":"(anonymous_8)","decl":{"start":{"line":93,"column":207},"end":{"line":93,"column":208}},"loc":{"start":{"line":93,"column":213},"end":{"line":93,"column":230}},"line":93},"9":{"name":"(anonymous_9)","decl":{"start":{"line":96,"column":40},"end":{"line":96,"column":41}},"loc":{"start":{"line":96,"column":51},"end":{"line":100,"column":11}},"line":96},"10":{"name":"(anonymous_10)","decl":{"start":{"line":98,"column":85},"end":{"line":98,"column":86}},"loc":{"start":{"line":98,"column":92},"end":{"line":98,"column":150}},"line":98},"11":{"name":"(anonymous_11)","decl":{"start":{"line":108,"column":107},"end":{"line":108,"column":108}},"loc":{"start":{"line":108,"column":113},"end":{"line":108,"column":129}},"line":108},"12":{"name":"(anonymous_12)","decl":{"start":{"line":109,"column":74},"end":{"line":109,"column":75}},"loc":{"start":{"line":109,"column":80},"end":{"line":109,"column":97}},"line":109},"13":{"name":"(anonymous_13)","decl":{"start":{"line":115,"column":51},"end":{"line":115,"column":52}},"loc":{"start":{"line":115,"column":62},"end":{"line":119,"column":11}},"line":115},"14":{"name":"(anonymous_14)","decl":{"start":{"line":117,"column":85},"end":{"line":117,"column":86}},"loc":{"start":{"line":117,"column":92},"end":{"line":117,"column":150}},"line":117}},"branchMap":{"0":{"loc":{"start":{"line":19,"column":4},"end":{"line":50,"column":5}},"type":"if","locations":[{"start":{"line":19,"column":4},"end":{"line":50,"column":5}},{"start":{"line":35,"column":11},"end":{"line":50,"column":5}}],"line":19},"1":{"loc":{"start":{"line":20,"column":6},"end":{"line":34,"column":7}},"type":"if","locations":[{"start":{"line":20,"column":6},"end":{"line":34,"column":7}},{"start":{},"end":{}}],"line":20},"2":{"loc":{"start":{"line":21,"column":8},"end":{"line":23,"column":9}},"type":"if","locations":[{"start":{"line":21,"column":8},"end":{"line":23,"column":9}},{"start":{},"end":{}}],"line":21},"3":{"loc":{"start":{"line":25,"column":10},"end":{"line":32,"column":11}},"type":"if","locations":[{"start":{"line":25,"column":10},"end":{"line":32,"column":11}},{"start":{},"end":{}}],"line":25},"4":{"loc":{"start":{"line":26,"column":12},"end":{"line":28,"column":13}},"type":"if","locations":[{"start":{"line":26,"column":12},"end":{"line":28,"column":13}},{"start":{},"end":{}}],"line":26},"5":{"loc":{"start":{"line":35,"column":11},"end":{"line":50,"column":5}},"type":"if","locations":[{"start":{"line":35,"column":11},"end":{"line":50,"column":5}},{"start":{},"end":{}}],"line":35},"6":{"loc":{"start":{"line":36,"column":6},"end":{"line":38,"column":7}},"type":"if","locations":[{"start":{"line":36,"column":6},"end":{"line":38,"column":7}},{"start":{},"end":{}}],"line":36},"7":{"loc":{"start":{"line":40,"column":8},"end":{"line":48,"column":9}},"type":"if","locations":[{"start":{"line":40,"column":8},"end":{"line":48,"column":9}},{"start":{},"end":{}}],"line":40},"8":{"loc":{"start":{"line":41,"column":10},"end":{"line":43,"column":11}},"type":"if","locations":[{"start":{"line":41,"column":10},"end":{"line":43,"column":11}},{"start":{},"end":{}}],"line":41},"9":{"loc":{"start":{"line":55,"column":4},"end":{"line":85,"column":5}},"type":"if","locations":[{"start":{"line":55,"column":4},"end":{"line":85,"column":5}},{"start":{"line":71,"column":11},"end":{"line":85,"column":5}}],"line":55},"10":{"loc":{"start":{"line":56,"column":6},"end":{"line":70,"column":7}},"type":"if","locations":[{"start":{"line":56,"column":6},"end":{"line":70,"column":7}},{"start":{},"end":{}}],"line":56},"11":{"loc":{"start":{"line":57,"column":8},"end":{"line":59,"column":9}},"type":"if","locations":[{"start":{"line":57,"column":8},"end":{"line":59,"column":9}},{"start":{},"end":{}}],"line":57},"12":{"loc":{"start":{"line":61,"column":10},"end":{"line":68,"column":11}},"type":"if","locations":[{"start":{"line":61,"column":10},"end":{"line":68,"column":11}},{"start":{},"end":{}}],"line":61},"13":{"loc":{"start":{"line":62,"column":12},"end":{"line":64,"column":13}},"type":"if","locations":[{"start":{"line":62,"column":12},"end":{"line":64,"column":13}},{"start":{},"end":{}}],"line":62},"14":{"loc":{"start":{"line":71,"column":11},"end":{"line":85,"column":5}},"type":"if","locations":[{"start":{"line":71,"column":11},"end":{"line":85,"column":5}},{"start":{},"end":{}}],"line":71},"15":{"loc":{"start":{"line":72,"column":6},"end":{"line":74,"column":7}},"type":"if","locations":[{"start":{"line":72,"column":6},"end":{"line":74,"column":7}},{"start":{},"end":{}}],"line":72},"16":{"loc":{"start":{"line":76,"column":8},"end":{"line":83,"column":9}},"type":"if","locations":[{"start":{"line":76,"column":8},"end":{"line":83,"column":9}},{"start":{},"end":{}}],"line":76},"17":{"loc":{"start":{"line":77,"column":10},"end":{"line":79,"column":11}},"type":"if","locations":[{"start":{"line":77,"column":10},"end":{"line":79,"column":11}},{"start":{},"end":{}}],"line":77},"18":{"loc":{"start":{"line":90,"column":2},"end":{"line":127,"column":3}},"type":"if","locations":[{"start":{"line":90,"column":2},"end":{"line":127,"column":3}},{"start":{"line":105,"column":9},"end":{"line":127,"column":3}}],"line":90},"19":{"loc":{"start":{"line":93,"column":45},"end":{"line":93,"column":140}},"type":"cond-expr","locations":[{"start":{"line":93,"column":61},"end":{"line":93,"column":133}},{"start":{"line":93,"column":136},"end":{"line":93,"column":140}}],"line":93},"20":{"loc":{"start":{"line":93,"column":142},"end":{"line":93,"column":241}},"type":"cond-expr","locations":[{"start":{"line":93,"column":159},"end":{"line":93,"column":234}},{"start":{"line":93,"column":237},"end":{"line":93,"column":241}}],"line":93},"21":{"loc":{"start":{"line":96,"column":11},"end":{"line":100,"column":19}},"type":"cond-expr","locations":[{"start":{"line":96,"column":28},"end":{"line":100,"column":12}},{"start":{"line":100,"column":15},"end":{"line":100,"column":19}}],"line":96},"22":{"loc":{"start":{"line":108,"column":45},"end":{"line":108,"column":140}},"type":"cond-expr","locations":[{"start":{"line":108,"column":61},"end":{"line":108,"column":133}},{"start":{"line":108,"column":136},"end":{"line":108,"column":140}}],"line":108},"23":{"loc":{"start":{"line":109,"column":9},"end":{"line":109,"column":108}},"type":"cond-expr","locations":[{"start":{"line":109,"column":26},"end":{"line":109,"column":101}},{"start":{"line":109,"column":104},"end":{"line":109,"column":108}}],"line":109},"24":{"loc":{"start":{"line":110,"column":78},"end":{"line":110,"column":127}},"type":"cond-expr","locations":[{"start":{"line":110,"column":91},"end":{"line":110,"column":101}},{"start":{"line":110,"column":104},"end":{"line":110,"column":127}}],"line":110},"25":{"loc":{"start":{"line":115,"column":11},"end":{"line":119,"column":19}},"type":"cond-expr","locations":[{"start":{"line":115,"column":30},"end":{"line":119,"column":12}},{"start":{"line":119,"column":15},"end":{"line":119,"column":19}}],"line":115}},"s":{"0":1,"1":1,"2":1,"3":1,"4":0,"5":0,"6":0,"7":0,"8":0,"9":0,"10":0,"11":0,"12":0,"13":0,"14":0,"15":0,"16":0,"17":0,"18":0,"19":0,"20":0,"21":0,"22":0,"23":0,"24":0,"25":0,"26":1,"27":0,"28":0,"29":0,"30":0,"31":0,"32":0,"33":0,"34":0,"35":0,"36":0,"37":0,"38":0,"39":0,"40":0,"41":0,"42":0,"43":0,"44":0,"45":0,"46":0,"47":0,"48":0,"49":0,"50":1,"51":0,"52":0,"53":0,"54":0,"55":0,"56":0,"57":1,"58":0,"59":0,"60":6,"61":0,"62":0},"f":{"0":1,"1":0,"2":0,"3":0,"4":0,"5":0,"6":0,"7":0,"8":0,"9":0,"10":0,"11":0,"12":0,"13":6,"14":0},"b":{"0":[0,0],"1":[0,0],"2":[0,0],"3":[0,0],"4":[0,0],"5":[0,0],"6":[0,0],"7":[0,0],"8":[0,0],"9":[0,0],"10":[0,0],"11":[0,0],"12":[0,0],"13":[0,0],"14":[0,0],"15":[0,0],"16":[0,0],"17":[0,0],"18":[0,1],"19":[0,0],"20":[0,0],"21":[0,0],"22":[1,0],"23":[1,0],"24":[0,1],"25":[1,0]},"_coverageSchema":"1a1c01bbd47fc00a2c39e90264f33305004495a9","hash":"e20283ba107f70bcab8c0038f5f05260bc1f4f94"}
,"/Users/m.li/Desktop/Hack/FEC/client/src/product/ProductOverview.jsx": {"path":"/Users/m.li/Desktop/Hack/FEC/client/src/product/ProductOverview.jsx","statementMap":{"0":{"start":{"line":11,"column":24},"end":{"line":57,"column":1}},"1":{"start":{"line":12,"column":2},"end":{"line":12,"column":41}},"2":{"start":{"line":14,"column":32},"end":{"line":14,"column":44}},"3":{"start":{"line":15,"column":38},"end":{"line":15,"column":50}},"4":{"start":{"line":20,"column":22},"end":{"line":30,"column":3}},"5":{"start":{"line":21,"column":18},"end":{"line":21,"column":34}},"6":{"start":{"line":22,"column":18},"end":{"line":22,"column":34}},"7":{"start":{"line":23,"column":20},"end":{"line":23,"column":36}},"8":{"start":{"line":24,"column":19},"end":{"line":24,"column":35}},"9":{"start":{"line":25,"column":19},"end":{"line":25,"column":35}},"10":{"start":{"line":26,"column":24},"end":{"line":26,"column":105}},"11":{"start":{"line":27,"column":31},"end":{"line":27,"column":88}},"12":{"start":{"line":28,"column":17},"end":{"line":28,"column":79}},"13":{"start":{"line":29,"column":4},"end":{"line":29,"column":18}},"14":{"start":{"line":32,"column":2},"end":{"line":56,"column":3}},"15":{"start":{"line":36,"column":28},"end":{"line":36,"column":71}},"16":{"start":{"line":44,"column":8},"end":{"line":48,"column":9}}},"fnMap":{"0":{"name":"(anonymous_0)","decl":{"start":{"line":11,"column":24},"end":{"line":11,"column":25}},"loc":{"start":{"line":11,"column":41},"end":{"line":57,"column":1}},"line":11},"1":{"name":"(anonymous_1)","decl":{"start":{"line":20,"column":22},"end":{"line":20,"column":23}},"loc":{"start":{"line":20,"column":31},"end":{"line":30,"column":3}},"line":20},"2":{"name":"(anonymous_2)","decl":{"start":{"line":36,"column":20},"end":{"line":36,"column":21}},"loc":{"start":{"line":36,"column":26},"end":{"line":36,"column":73}},"line":36},"3":{"name":"(anonymous_3)","decl":{"start":{"line":43,"column":78},"end":{"line":43,"column":79}},"loc":{"start":{"line":43,"column":91},"end":{"line":49,"column":7}},"line":43}},"branchMap":{"0":{"loc":{"start":{"line":37,"column":13},"end":{"line":37,"column":62}},"type":"cond-expr","locations":[{"start":{"line":37,"column":30},"end":{"line":37,"column":49}},{"start":{"line":37,"column":52},"end":{"line":37,"column":62}}],"line":37},"1":{"loc":{"start":{"line":38,"column":13},"end":{"line":38,"column":54}},"type":"cond-expr","locations":[{"start":{"line":38,"column":30},"end":{"line":38,"column":45}},{"start":{"line":38,"column":48},"end":{"line":38,"column":54}}],"line":38},"2":{"loc":{"start":{"line":39,"column":23},"end":{"line":39,"column":65}},"type":"cond-expr","locations":[{"start":{"line":39,"column":40},"end":{"line":39,"column":58}},{"start":{"line":39,"column":61},"end":{"line":39,"column":65}}],"line":39},"3":{"loc":{"start":{"line":41,"column":21},"end":{"line":41,"column":63}},"type":"cond-expr","locations":[{"start":{"line":41,"column":38},"end":{"line":41,"column":56}},{"start":{"line":41,"column":59},"end":{"line":41,"column":63}}],"line":41},"4":{"loc":{"start":{"line":42,"column":41},"end":{"line":42,"column":96}},"type":"cond-expr","locations":[{"start":{"line":42,"column":58},"end":{"line":42,"column":80}},{"start":{"line":42,"column":83},"end":{"line":42,"column":96}}],"line":42},"5":{"loc":{"start":{"line":43,"column":37},"end":{"line":50,"column":14}},"type":"cond-expr","locations":[{"start":{"line":43,"column":54},"end":{"line":49,"column":8}},{"start":{"line":50,"column":10},"end":{"line":50,"column":14}}],"line":43}},"s":{"0":1,"1":1,"2":1,"3":1,"4":1,"5":1,"6":1,"7":1,"8":1,"9":1,"10":1,"11":1,"12":1,"13":1,"14":1,"15":0,"16":2},"f":{"0":1,"1":1,"2":0,"3":2},"b":{"0":[1,0],"1":[1,0],"2":[1,0],"3":[1,0],"4":[1,0],"5":[1,0]},"_coverageSchema":"1a1c01bbd47fc00a2c39e90264f33305004495a9","hash":"821560df05ff6e6a358ce5d6294f09dca261d5a2"}
,"/Users/m.li/Desktop/Hack/FEC/client/src/product/Style.jsx": {"path":"/Users/m.li/Desktop/Hack/FEC/client/src/product/Style.jsx","statementMap":{"0":{"start":{"line":9,"column":14},"end":{"line":96,"column":1}},"1":{"start":{"line":12,"column":36},"end":{"line":12,"column":60}},"2":{"start":{"line":13,"column":36},"end":{"line":13,"column":70}},"3":{"start":{"line":14,"column":36},"end":{"line":14,"column":48}},"4":{"start":{"line":15,"column":30},"end":{"line":15,"column":44}},"5":{"start":{"line":16,"column":26},"end":{"line":16,"column":38}},"6":{"start":{"line":17,"column":34},"end":{"line":17,"column":46}},"7":{"start":{"line":18,"column":32},"end":{"line":18,"column":47}},"8":{"start":{"line":22,"column":25},"end":{"line":44,"column":3}},"9":{"start":{"line":23,"column":4},"end":{"line":23,"column":29}},"10":{"start":{"line":24,"column":4},"end":{"line":43,"column":5}},"11":{"start":{"line":25,"column":6},"end":{"line":42,"column":7}},"12":{"start":{"line":26,"column":8},"end":{"line":26,"column":39}},"13":{"start":{"line":27,"column":8},"end":{"line":27,"column":38}},"14":{"start":{"line":28,"column":8},"end":{"line":41,"column":9}},"15":{"start":{"line":29,"column":10},"end":{"line":35,"column":11}},"16":{"start":{"line":29,"column":23},"end":{"line":29,"column":24}},"17":{"start":{"line":30,"column":25},"end":{"line":30,"column":68}},"18":{"start":{"line":31,"column":25},"end":{"line":31,"column":57}},"19":{"start":{"line":32,"column":12},"end":{"line":32,"column":39}},"20":{"start":{"line":33,"column":12},"end":{"line":33,"column":28}},"21":{"start":{"line":34,"column":12},"end":{"line":34,"column":29}},"22":{"start":{"line":36,"column":15},"end":{"line":41,"column":9}},"23":{"start":{"line":37,"column":23},"end":{"line":37,"column":66}},"24":{"start":{"line":38,"column":23},"end":{"line":38,"column":55}},"25":{"start":{"line":39,"column":10},"end":{"line":39,"column":37}},"26":{"start":{"line":40,"column":10},"end":{"line":40,"column":39}},"27":{"start":{"line":46,"column":23},"end":{"line":54,"column":3}},"28":{"start":{"line":47,"column":17},"end":{"line":47,"column":60}},"29":{"start":{"line":50,"column":20},"end":{"line":50,"column":45}},"30":{"start":{"line":51,"column":4},"end":{"line":53,"column":5}},"31":{"start":{"line":52,"column":6},"end":{"line":52,"column":23}},"32":{"start":{"line":55,"column":2},"end":{"line":57,"column":5}},"33":{"start":{"line":56,"column":4},"end":{"line":56,"column":56}},"34":{"start":{"line":60,"column":2},"end":{"line":94,"column":3}},"35":{"start":{"line":70,"column":10},"end":{"line":72,"column":11}},"36":{"start":{"line":76,"column":51},"end":{"line":76,"column":66}},"37":{"start":{"line":76,"column":67},"end":{"line":76,"column":85}},"38":{"start":{"line":76,"column":86},"end":{"line":76,"column":106}},"39":{"start":{"line":80,"column":10},"end":{"line":80,"column":194}},"40":{"start":{"line":80,"column":123},"end":{"line":80,"column":151}},"41":{"start":{"line":80,"column":152},"end":{"line":80,"column":168}},"42":{"start":{"line":89,"column":8},"end":{"line":89,"column":27}},"43":{"start":{"line":89,"column":28},"end":{"line":89,"column":45}},"44":{"start":{"line":89,"column":46},"end":{"line":89,"column":94}}},"fnMap":{"0":{"name":"(anonymous_0)","decl":{"start":{"line":9,"column":14},"end":{"line":9,"column":15}},"loc":{"start":{"line":9,"column":57},"end":{"line":96,"column":1}},"line":9},"1":{"name":"(anonymous_1)","decl":{"start":{"line":22,"column":25},"end":{"line":22,"column":26}},"loc":{"start":{"line":22,"column":32},"end":{"line":44,"column":3}},"line":22},"2":{"name":"(anonymous_2)","decl":{"start":{"line":46,"column":23},"end":{"line":46,"column":24}},"loc":{"start":{"line":46,"column":29},"end":{"line":54,"column":3}},"line":46},"3":{"name":"(anonymous_3)","decl":{"start":{"line":55,"column":27},"end":{"line":55,"column":28}},"loc":{"start":{"line":55,"column":40},"end":{"line":57,"column":3}},"line":55},"4":{"name":"(anonymous_4)","decl":{"start":{"line":69,"column":20},"end":{"line":69,"column":21}},"loc":{"start":{"line":69,"column":31},"end":{"line":73,"column":9}},"line":69},"5":{"name":"(anonymous_5)","decl":{"start":{"line":76,"column":42},"end":{"line":76,"column":43}},"loc":{"start":{"line":76,"column":49},"end":{"line":76,"column":108}},"line":76},"6":{"name":"(anonymous_6)","decl":{"start":{"line":78,"column":33},"end":{"line":78,"column":34}},"loc":{"start":{"line":78,"column":44},"end":{"line":81,"column":9}},"line":78},"7":{"name":"(anonymous_7)","decl":{"start":{"line":80,"column":114},"end":{"line":80,"column":115}},"loc":{"start":{"line":80,"column":121},"end":{"line":80,"column":170}},"line":80},"8":{"name":"(anonymous_8)","decl":{"start":{"line":88,"column":48},"end":{"line":88,"column":49}},"loc":{"start":{"line":88,"column":55},"end":{"line":90,"column":7}},"line":88}},"branchMap":{"0":{"loc":{"start":{"line":25,"column":6},"end":{"line":42,"column":7}},"type":"if","locations":[{"start":{"line":25,"column":6},"end":{"line":42,"column":7}},{"start":{},"end":{}}],"line":25},"1":{"loc":{"start":{"line":28,"column":8},"end":{"line":41,"column":9}},"type":"if","locations":[{"start":{"line":28,"column":8},"end":{"line":41,"column":9}},{"start":{"line":36,"column":15},"end":{"line":41,"column":9}}],"line":28},"2":{"loc":{"start":{"line":36,"column":15},"end":{"line":41,"column":9}},"type":"if","locations":[{"start":{"line":36,"column":15},"end":{"line":41,"column":9}},{"start":{},"end":{}}],"line":36},"3":{"loc":{"start":{"line":64,"column":24},"end":{"line":64,"column":56}},"type":"cond-expr","locations":[{"start":{"line":64,"column":33},"end":{"line":64,"column":47}},{"start":{"line":64,"column":50},"end":{"line":64,"column":56}}],"line":64},"4":{"loc":{"start":{"line":65,"column":15},"end":{"line":65,"column":39}},"type":"cond-expr","locations":[{"start":{"line":65,"column":24},"end":{"line":65,"column":29}},{"start":{"line":65,"column":32},"end":{"line":65,"column":39}}],"line":65},"5":{"loc":{"start":{"line":92,"column":7},"end":{"line":92,"column":87}},"type":"cond-expr","locations":[{"start":{"line":92,"column":17},"end":{"line":92,"column":80}},{"start":{"line":92,"column":83},"end":{"line":92,"column":87}}],"line":92}},"s":{"0":1,"1":1,"2":1,"3":1,"4":1,"5":1,"6":1,"7":1,"8":1,"9":0,"10":0,"11":0,"12":0,"13":0,"14":0,"15":0,"16":0,"17":0,"18":0,"19":0,"20":0,"21":0,"22":0,"23":0,"24":0,"25":0,"26":0,"27":1,"28":0,"29":0,"30":0,"31":0,"32":1,"33":0,"34":1,"35":6,"36":0,"37":0,"38":0,"39":0,"40":0,"41":0,"42":0,"43":0,"44":0},"f":{"0":1,"1":0,"2":0,"3":0,"4":6,"5":0,"6":0,"7":0,"8":0},"b":{"0":[0,0],"1":[0,0],"2":[0,0],"3":[1,0],"4":[1,0],"5":[0,1]},"_coverageSchema":"1a1c01bbd47fc00a2c39e90264f33305004495a9","hash":"dff0f79ef9a173ef3f997d4382e5215fd0d89104"}
,"/Users/m.li/Desktop/Hack/FEC/client/src/product/StyleList.jsx": {"path":"/Users/m.li/Desktop/Hack/FEC/client/src/product/StyleList.jsx","statementMap":{"0":{"start":{"line":6,"column":18},"end":{"line":41,"column":1}},"1":{"start":{"line":8,"column":34},"end":{"line":8,"column":49}},"2":{"start":{"line":10,"column":21},"end":{"line":17,"column":3}},"3":{"start":{"line":11,"column":4},"end":{"line":16,"column":5}},"4":{"start":{"line":12,"column":6},"end":{"line":12,"column":63}},"5":{"start":{"line":13,"column":6},"end":{"line":13,"column":23}},"6":{"start":{"line":15,"column":6},"end":{"line":15,"column":28}},"7":{"start":{"line":19,"column":22},"end":{"line":26,"column":3}},"8":{"start":{"line":20,"column":4},"end":{"line":25,"column":5}},"9":{"start":{"line":21,"column":6},"end":{"line":21,"column":36}},"10":{"start":{"line":22,"column":6},"end":{"line":22,"column":21}},"11":{"start":{"line":24,"column":6},"end":{"line":24,"column":22}},"12":{"start":{"line":29,"column":2},"end":{"line":40,"column":3}},"13":{"start":{"line":31,"column":6},"end":{"line":31,"column":25}},"14":{"start":{"line":31,"column":26},"end":{"line":32,"column":8}},"15":{"start":{"line":32,"column":9},"end":{"line":32,"column":34}},"16":{"start":{"line":32,"column":35},"end":{"line":32,"column":49}},"17":{"start":{"line":32,"column":50},"end":{"line":32,"column":85}},"18":{"start":{"line":32,"column":86},"end":{"line":32,"column":121}},"19":{"start":{"line":32,"column":122},"end":{"line":32,"column":147}},"20":{"start":{"line":32,"column":148},"end":{"line":32,"column":168}},"21":{"start":{"line":32,"column":169},"end":{"line":32,"column":182}}},"fnMap":{"0":{"name":"(anonymous_0)","decl":{"start":{"line":6,"column":18},"end":{"line":6,"column":19}},"loc":{"start":{"line":6,"column":122},"end":{"line":41,"column":1}},"line":6},"1":{"name":"(anonymous_1)","decl":{"start":{"line":10,"column":21},"end":{"line":10,"column":22}},"loc":{"start":{"line":10,"column":28},"end":{"line":17,"column":3}},"line":10},"2":{"name":"(anonymous_2)","decl":{"start":{"line":19,"column":22},"end":{"line":19,"column":23}},"loc":{"start":{"line":19,"column":28},"end":{"line":26,"column":3}},"line":19},"3":{"name":"(anonymous_3)","decl":{"start":{"line":30,"column":51},"end":{"line":30,"column":52}},"loc":{"start":{"line":30,"column":58},"end":{"line":33,"column":5}},"line":30}},"branchMap":{"0":{"loc":{"start":{"line":11,"column":4},"end":{"line":16,"column":5}},"type":"if","locations":[{"start":{"line":11,"column":4},"end":{"line":16,"column":5}},{"start":{"line":14,"column":11},"end":{"line":16,"column":5}}],"line":11},"1":{"loc":{"start":{"line":20,"column":4},"end":{"line":25,"column":5}},"type":"if","locations":[{"start":{"line":20,"column":4},"end":{"line":25,"column":5}},{"start":{"line":23,"column":11},"end":{"line":25,"column":5}}],"line":20},"2":{"loc":{"start":{"line":33,"column":9},"end":{"line":33,"column":71}},"type":"cond-expr","locations":[{"start":{"line":33,"column":20},"end":{"line":33,"column":64}},{"start":{"line":33,"column":67},"end":{"line":33,"column":71}}],"line":33},"3":{"loc":{"start":{"line":34,"column":39},"end":{"line":34,"column":83}},"type":"cond-expr","locations":[{"start":{"line":34,"column":47},"end":{"line":34,"column":76}},{"start":{"line":34,"column":79},"end":{"line":34,"column":83}}],"line":34}},"s":{"0":1,"1":6,"2":6,"3":0,"4":0,"5":0,"6":0,"7":6,"8":0,"9":0,"10":0,"11":0,"12":6,"13":0,"14":0,"15":0,"16":0,"17":0,"18":0,"19":0,"20":0,"21":0},"f":{"0":6,"1":0,"2":0,"3":0},"b":{"0":[0,0],"1":[0,0],"2":[0,6],"3":[6,0]},"_coverageSchema":"1a1c01bbd47fc00a2c39e90264f33305004495a9","hash":"34ece15854b2a122c28dcc0e60df57e281be0865"}
,"/Users/m.li/Desktop/Hack/FEC/client/src/related/Outfits.jsx": {"path":"/Users/m.li/Desktop/Hack/FEC/client/src/related/Outfits.jsx","statementMap":{"0":{"start":{"line":5,"column":16},"end":{"line":20,"column":1}},"1":{"start":{"line":6,"column":2},"end":{"line":19,"column":3}}},"fnMap":{"0":{"name":"(anonymous_0)","decl":{"start":{"line":5,"column":16},"end":{"line":5,"column":17}},"loc":{"start":{"line":5,"column":22},"end":{"line":20,"column":1}},"line":5}},"branchMap":{},"s":{"0":1,"1":4},"f":{"0":4},"b":{},"_coverageSchema":"1a1c01bbd47fc00a2c39e90264f33305004495a9","hash":"e7b45a6027a75e86910da0d17ff18beea8d1c698"}
,"/Users/m.li/Desktop/Hack/FEC/client/src/related/Products.jsx": {"path":"/Users/m.li/Desktop/Hack/FEC/client/src/related/Products.jsx","statementMap":{"0":{"start":{"line":7,"column":17},"end":{"line":71,"column":3}},"1":{"start":{"line":10,"column":22},"end":{"line":20,"column":3}},"2":{"start":{"line":11,"column":18},"end":{"line":11,"column":34}},"3":{"start":{"line":12,"column":18},"end":{"line":12,"column":34}},"4":{"start":{"line":13,"column":20},"end":{"line":13,"column":36}},"5":{"start":{"line":14,"column":19},"end":{"line":14,"column":35}},"6":{"start":{"line":15,"column":19},"end":{"line":15,"column":35}},"7":{"start":{"line":16,"column":24},"end":{"line":16,"column":105}},"8":{"start":{"line":17,"column":31},"end":{"line":17,"column":88}},"9":{"start":{"line":18,"column":17},"end":{"line":18,"column":77}},"10":{"start":{"line":19,"column":4},"end":{"line":19,"column":18}},"11":{"start":{"line":23,"column":20},"end":{"line":26,"column":3}},"12":{"start":{"line":24,"column":17},"end":{"line":24,"column":50}},"13":{"start":{"line":25,"column":4},"end":{"line":25,"column":48}},"14":{"start":{"line":28,"column":21},"end":{"line":31,"column":3}},"15":{"start":{"line":29,"column":17},"end":{"line":29,"column":50}},"16":{"start":{"line":30,"column":4},"end":{"line":30,"column":47}},"17":{"start":{"line":32,"column":2},"end":{"line":70,"column":3}},"18":{"start":{"line":33,"column":4},"end":{"line":37,"column":5}},"19":{"start":{"line":39,"column":4},"end":{"line":69,"column":5}},"20":{"start":{"line":45,"column":24},"end":{"line":45,"column":43}},"21":{"start":{"line":46,"column":12},"end":{"line":48,"column":13}},"22":{"start":{"line":47,"column":14},"end":{"line":47,"column":39}},"23":{"start":{"line":50,"column":12},"end":{"line":62,"column":18}}},"fnMap":{"0":{"name":"(anonymous_0)","decl":{"start":{"line":7,"column":17},"end":{"line":7,"column":18}},"loc":{"start":{"line":7,"column":38},"end":{"line":71,"column":3}},"line":7},"1":{"name":"(anonymous_1)","decl":{"start":{"line":10,"column":22},"end":{"line":10,"column":23}},"loc":{"start":{"line":10,"column":31},"end":{"line":20,"column":3}},"line":10},"2":{"name":"(anonymous_2)","decl":{"start":{"line":23,"column":20},"end":{"line":23,"column":21}},"loc":{"start":{"line":23,"column":26},"end":{"line":26,"column":3}},"line":23},"3":{"name":"(anonymous_3)","decl":{"start":{"line":28,"column":21},"end":{"line":28,"column":22}},"loc":{"start":{"line":28,"column":27},"end":{"line":31,"column":3}},"line":28},"4":{"name":"(anonymous_4)","decl":{"start":{"line":44,"column":26},"end":{"line":44,"column":27}},"loc":{"start":{"line":44,"column":36},"end":{"line":63,"column":11}},"line":44}},"branchMap":{"0":{"loc":{"start":{"line":32,"column":2},"end":{"line":70,"column":3}},"type":"if","locations":[{"start":{"line":32,"column":2},"end":{"line":70,"column":3}},{"start":{"line":38,"column":9},"end":{"line":70,"column":3}}],"line":32},"1":{"loc":{"start":{"line":46,"column":12},"end":{"line":48,"column":13}},"type":"if","locations":[{"start":{"line":46,"column":12},"end":{"line":48,"column":13}},{"start":{},"end":{}}],"line":46}},"s":{"0":1,"1":4,"2":0,"3":0,"4":0,"5":0,"6":0,"7":0,"8":0,"9":0,"10":0,"11":4,"12":0,"13":0,"14":4,"15":0,"16":0,"17":4,"18":4,"19":0,"20":0,"21":0,"22":0,"23":0},"f":{"0":4,"1":0,"2":0,"3":0,"4":0},"b":{"0":[4,0],"1":[0,0]},"_coverageSchema":"1a1c01bbd47fc00a2c39e90264f33305004495a9","hash":"eda3d2507b148080863a8e2ebadc4f65b7bfb486"}
,"/Users/m.li/Desktop/Hack/FEC/client/src/related/RelatedProducts.jsx": {"path":"/Users/m.li/Desktop/Hack/FEC/client/src/related/RelatedProducts.jsx","statementMap":{"0":{"start":{"line":6,"column":24},"end":{"line":36,"column":1}},"1":{"start":{"line":30,"column":2},"end":{"line":35,"column":3}}},"fnMap":{"0":{"name":"(anonymous_0)","decl":{"start":{"line":6,"column":24},"end":{"line":6,"column":25}},"loc":{"start":{"line":6,"column":45},"end":{"line":36,"column":1}},"line":6}},"branchMap":{},"s":{"0":1,"1":4},"f":{"0":4},"b":{},"_coverageSchema":"1a1c01bbd47fc00a2c39e90264f33305004495a9","hash":"9d5595afb367419869165c2ceb2ad4d21458d14f"}
}
